{"level":30,"time":1762350566092,"pid":51754,"hostname":"MacBook-Air-de-Thomas.local","port":3000,"msg":"Server started"}
{"level":30,"time":1762350582075,"pid":51805,"hostname":"MacBook-Air-de-Thomas.local","req":{"id":"1762350582073-ysp7ft","method":"GET","url":"/"},"res":{"statusCode":200},"responseTime":2,"msg":"GET / → 200"}
{"level":30,"time":1762350582078,"pid":51805,"hostname":"MacBook-Air-de-Thomas.local","req":{"id":"1762350582078-9kjnxy","method":"GET","url":"/contacts"},"res":{"statusCode":200},"responseTime":0,"msg":"GET /contacts → 200"}
{"level":40,"time":1762350582084,"pid":51805,"hostname":"MacBook-Air-de-Thomas.local","req":{"id":"1762350582084-v01v91","method":"POST","url":"/contacts"},"body":{"name":""},"msg":"Validation 400 (create)"}
{"level":40,"time":1762350582085,"pid":51805,"hostname":"MacBook-Air-de-Thomas.local","req":{"id":"1762350582084-v01v91","method":"POST","url":"/contacts"},"res":{"statusCode":400},"responseTime":1,"msg":"POST /contacts → 400"}
{"level":30,"time":1762350582086,"pid":51805,"hostname":"MacBook-Air-de-Thomas.local","req":{"id":"1762350582086-fk1mmk","method":"POST","url":"/contacts"},"res":{"statusCode":201},"responseTime":0,"msg":"POST /contacts → 201"}
{"level":40,"time":1762350582086,"pid":51805,"hostname":"MacBook-Air-de-Thomas.local","req":{"id":"1762350582086-nikkoa","method":"POST","url":"/contacts"},"email":"alice@mail.com","msg":"Conflit 409 (email exists)"}
{"level":40,"time":1762350582087,"pid":51805,"hostname":"MacBook-Air-de-Thomas.local","req":{"id":"1762350582086-nikkoa","method":"POST","url":"/contacts"},"res":{"statusCode":409},"responseTime":1,"msg":"POST /contacts → 409"}
{"level":30,"time":1762350582087,"pid":51805,"hostname":"MacBook-Air-de-Thomas.local","req":{"id":"1762350582087-m1639i","method":"GET","url":"/contacts/3"},"res":{"statusCode":200},"responseTime":0,"msg":"GET /contacts/3 → 200"}
{"level":40,"time":1762350582088,"pid":51805,"hostname":"MacBook-Air-de-Thomas.local","req":{"id":"1762350582088-m8mz8t","method":"GET","url":"/contacts/99999"},"res":{"statusCode":404},"responseTime":0,"msg":"GET /contacts/99999 → 404"}
{"level":30,"time":1762350582090,"pid":51805,"hostname":"MacBook-Air-de-Thomas.local","req":{"id":"1762350582090-gu432c","method":"POST","url":"/contacts"},"res":{"statusCode":201},"responseTime":0,"msg":"POST /contacts → 201"}
{"level":40,"time":1762350582090,"pid":51805,"hostname":"MacBook-Air-de-Thomas.local","req":{"id":"1762350582090-7frcd4","method":"PUT","url":"/contacts/4"},"email":"alice@mail.com","msg":"Conflit 409 (email exists on update)"}
{"level":40,"time":1762350582090,"pid":51805,"hostname":"MacBook-Air-de-Thomas.local","req":{"id":"1762350582090-7frcd4","method":"PUT","url":"/contacts/4"},"res":{"statusCode":409},"responseTime":0,"msg":"PUT /contacts/4 → 409"}
{"level":30,"time":1762350582091,"pid":51805,"hostname":"MacBook-Air-de-Thomas.local","req":{"id":"1762350582091-lhva5o","method":"DELETE","url":"/contacts/3"},"res":{"statusCode":200},"responseTime":0,"msg":"DELETE /contacts/3 → 200"}
{"level":40,"time":1762350582092,"pid":51805,"hostname":"MacBook-Air-de-Thomas.local","req":{"id":"1762350582092-cj7r58","method":"DELETE","url":"/contacts"},"msg":"405 on /contacts"}
{"level":40,"time":1762350582092,"pid":51805,"hostname":"MacBook-Air-de-Thomas.local","req":{"id":"1762350582092-cj7r58","method":"DELETE","url":"/contacts"},"res":{"statusCode":405},"responseTime":0,"msg":"DELETE /contacts → 405"}
{"level":40,"time":1762350582093,"pid":51805,"hostname":"MacBook-Air-de-Thomas.local","req":{"id":"1762350582093-dbfvqj","method":"POST","url":"/contacts/1"},"msg":"405 on /contacts/:id"}
{"level":40,"time":1762350582093,"pid":51805,"hostname":"MacBook-Air-de-Thomas.local","req":{"id":"1762350582093-dbfvqj","method":"POST","url":"/contacts/1"},"res":{"statusCode":405},"responseTime":0,"msg":"POST /contacts/1 → 405"}
{"level":40,"time":1762350582094,"pid":51805,"hostname":"MacBook-Air-de-Thomas.local","req":{"id":"1762350582094-t41gpg","method":"GET","url":"/unknown"},"msg":"404 route not found"}
{"level":40,"time":1762350582094,"pid":51805,"hostname":"MacBook-Air-de-Thomas.local","req":{"id":"1762350582094-t41gpg","method":"GET","url":"/unknown"},"res":{"statusCode":404},"responseTime":0,"msg":"GET /unknown → 404"}
{"level":30,"time":1762354907220,"pid":51754,"hostname":"MacBook-Air-de-Thomas.local","req":{"id":"1762354907202-v1h31g","method":"GET","url":"/"},"res":{"statusCode":304},"responseTime":17,"msg":"GET / → 304"}
{"level":30,"time":1762359250101,"pid":51754,"hostname":"MacBook-Air-de-Thomas.local","req":{"id":"1762359250098-qykgj8","method":"GET","url":"/"},"res":{"statusCode":304},"responseTime":3,"msg":"GET / → 304"}
{"level":30,"time":1762419246282,"pid":55609,"hostname":"MacBook-Air-de-Thomas.local","port":3000,"msg":"Server started"}
{"level":30,"time":1762419272945,"pid":55609,"hostname":"MacBook-Air-de-Thomas.local","req":{"id":"1762419272938-i2iaad","method":"GET","url":"/"},"res":{"statusCode":304},"responseTime":7,"msg":"GET / → 304"}
{"level":40,"time":1762419273314,"pid":55609,"hostname":"MacBook-Air-de-Thomas.local","req":{"id":"1762419273313-fsc734","method":"GET","url":"/favicon.ico"},"msg":"404 route not found"}
{"level":40,"time":1762419273315,"pid":55609,"hostname":"MacBook-Air-de-Thomas.local","req":{"id":"1762419273313-fsc734","method":"GET","url":"/favicon.ico"},"res":{"statusCode":404},"responseTime":2,"msg":"GET /favicon.ico → 404"}
{"level":30,"time":1762419280763,"pid":55609,"hostname":"MacBook-Air-de-Thomas.local","req":{"id":"1762419280763-i65u3f","method":"GET","url":"/contacts"},"name":"","email":"","count":2,"msg":"GET /contacts"}
{"level":30,"time":1762419280764,"pid":55609,"hostname":"MacBook-Air-de-Thomas.local","req":{"id":"1762419280763-i65u3f","method":"GET","url":"/contacts"},"res":{"statusCode":200},"responseTime":1,"msg":"GET /contacts → 200"}
